RUN	Heroukapp	heroukapp	1715335128012	 	3.6.1
USER	Login	START	1715335129132
USER	Delete Contacts	START	1715335129132
REQUEST		Login	1715335129185	1715335130213	OK	 
REQUEST		Get Contacts for delete	1715335129185	1715335130492	OK	 
REQUEST		Delete Contact	1715335130559	1715335130827	OK	 
REQUEST		Delete Contact	1715335130833	1715335131095	OK	 
REQUEST		Delete Contact	1715335131097	1715335131367	OK	 
REQUEST		Delete Contact	1715335131369	1715335131642	OK	 
REQUEST		Delete Contact	1715335131643	1715335131905	OK	 
REQUEST		Delete Contact	1715335131906	1715335132174	OK	 
USER	Login	END	1715335132262
REQUEST		Delete Contact	1715335132175	1715335132437	OK	 
REQUEST		Delete Contact	1715335132438	1715335132698	OK	 
REQUEST		Delete Contact	1715335132699	1715335132962	OK	 
REQUEST		Delete Contact	1715335132963	1715335133227	OK	 
REQUEST		Delete Contact	1715335133228	1715335133492	OK	 
REQUEST		Delete Contact	1715335133493	1715335133754	OK	 
REQUEST		Delete Contact	1715335133755	1715335134019	OK	 
REQUEST		Delete Contact	1715335134020	1715335134281	OK	 
REQUEST		Delete Contact	1715335134282	1715335134547	OK	 
REQUEST		Delete Contact	1715335134548	1715335134810	OK	 
REQUEST		Delete Contact	1715335134811	1715335135073	OK	 
REQUEST		Delete Contact	1715335135074	1715335135338	OK	 
REQUEST		Delete Contact	1715335135339	1715335135602	OK	 
REQUEST		Delete Contact	1715335135603	1715335135865	OK	 
REQUEST		Delete Contact	1715335135866	1715335136128	OK	 
REQUEST		Delete Contact	1715335136129	1715335136393	OK	 
REQUEST		Delete Contact	1715335136393	1715335136655	OK	 
REQUEST		Delete Contact	1715335136657	1715335136930	OK	 
REQUEST		Delete Contact	1715335136931	1715335137194	OK	 
REQUEST		Delete Contact	1715335137195	1715335137457	OK	 
REQUEST		Delete Contact	1715335137457	1715335137720	OK	 
REQUEST		Delete Contact	1715335137721	1715335137984	OK	 
REQUEST		Delete Contact	1715335137986	1715335138252	OK	 
REQUEST		Delete Contact	1715335138253	1715335138607	OK	 
REQUEST		Delete Contact	1715335138608	1715335138869	OK	 
REQUEST		Delete Contact	1715335138870	1715335139134	OK	 
REQUEST		Delete Contact	1715335139135	1715335139398	OK	 
REQUEST		Delete Contact	1715335139399	1715335139660	OK	 
REQUEST		Delete Contact	1715335139661	1715335139922	OK	 
REQUEST		Delete Contact	1715335139922	1715335140195	OK	 
REQUEST		Delete Contact	1715335140196	1715335140458	OK	 
REQUEST		Delete Contact	1715335140459	1715335140722	OK	 
REQUEST		Delete Contact	1715335140723	1715335140985	OK	 
REQUEST		Delete Contact	1715335140986	1715335141260	OK	 
REQUEST		Delete Contact	1715335141261	1715335141526	OK	 
REQUEST		Delete Contact	1715335141527	1715335141791	OK	 
REQUEST		Delete Contact	1715335141792	1715335142056	OK	 
REQUEST		Delete Contact	1715335142059	1715335142320	OK	 
REQUEST		Delete Contact	1715335142321	1715335142584	OK	 
REQUEST		Delete Contact	1715335142585	1715335142849	OK	 
REQUEST		Delete Contact	1715335142850	1715335143115	OK	 
REQUEST		Delete Contact	1715335143116	1715335143382	OK	 
REQUEST		Delete Contact	1715335143383	1715335143646	OK	 
REQUEST		Delete Contact	1715335143646	1715335143913	OK	 
REQUEST		Delete Contact	1715335143914	1715335144177	OK	 
REQUEST		Delete Contact	1715335144178	1715335144440	OK	 
REQUEST		Delete Contact	1715335144441	1715335144704	OK	 
REQUEST		Delete Contact	1715335144705	1715335144966	OK	 
REQUEST		Delete Contact	1715335144967	1715335145231	OK	 
REQUEST		Delete Contact	1715335145232	1715335145494	OK	 
REQUEST		Delete Contact	1715335145495	1715335145759	OK	 
REQUEST		Delete Contact	1715335145760	1715335146037	OK	 
REQUEST		Delete Contact	1715335146039	1715335146300	OK	 
REQUEST		Delete Contact	1715335146301	1715335146563	OK	 
REQUEST		Delete Contact	1715335146564	1715335146826	OK	 
REQUEST		Delete Contact	1715335146827	1715335147089	OK	 
REQUEST		Delete Contact	1715335147090	1715335147353	OK	 
REQUEST		Delete Contact	1715335147354	1715335147619	OK	 
REQUEST		Delete Contact	1715335147620	1715335147881	OK	 
REQUEST		Delete Contact	1715335147883	1715335148153	OK	 
REQUEST		Delete Contact	1715335148154	1715335148417	OK	 
REQUEST		Delete Contact	1715335148418	1715335148678	OK	 
REQUEST		Delete Contact	1715335148679	1715335148941	OK	 
REQUEST		Delete Contact	1715335148942	1715335149214	OK	 
REQUEST		Delete Contact	1715335149215	1715335149479	OK	 
REQUEST		Delete Contact	1715335149480	1715335149757	OK	 
REQUEST		Delete Contact	1715335149758	1715335150021	OK	 
REQUEST		Delete Contact	1715335150021	1715335150292	OK	 
REQUEST		Delete Contact	1715335150293	1715335150557	OK	 
REQUEST		Delete Contact	1715335150558	1715335150820	OK	 
REQUEST		Delete Contact	1715335150821	1715335151083	OK	 
REQUEST		Delete Contact	1715335151084	1715335151345	OK	 
REQUEST		Delete Contact	1715335151346	1715335151609	OK	 
REQUEST		Delete Contact	1715335151610	1715335151885	OK	 
REQUEST		Delete Contact	1715335151886	1715335152149	OK	 
REQUEST		Delete Contact	1715335152150	1715335152414	OK	 
REQUEST		Delete Contact	1715335152416	1715335152679	OK	 
REQUEST		Delete Contact	1715335152680	1715335152952	OK	 
REQUEST		Delete Contact	1715335152954	1715335153255	OK	 
REQUEST		Delete Contact	1715335153256	1715335153519	OK	 
REQUEST		Delete Contact	1715335153520	1715335153782	OK	 
REQUEST		Delete Contact	1715335153784	1715335154045	OK	 
REQUEST		Delete Contact	1715335154046	1715335154309	OK	 
REQUEST		Delete Contact	1715335154310	1715335154571	OK	 
REQUEST		Delete Contact	1715335154572	1715335154834	OK	 
REQUEST		Delete Contact	1715335154835	1715335155098	OK	 
REQUEST		Delete Contact	1715335155099	1715335155373	OK	 
REQUEST		Delete Contact	1715335155374	1715335155637	OK	 
REQUEST		Delete Contact	1715335155639	1715335155904	OK	 
REQUEST		Delete Contact	1715335155905	1715335156166	OK	 
REQUEST		Delete Contact	1715335156167	1715335156427	OK	 
REQUEST		Delete Contact	1715335156428	1715335156692	OK	 
REQUEST		Delete Contact	1715335156693	1715335156954	OK	 
REQUEST		Delete Contact	1715335156955	1715335158019	OK	 
REQUEST		Delete Contact	1715335158020	1715335158296	OK	 
REQUEST		Delete Contact	1715335158297	1715335158570	OK	 
REQUEST		Delete Contact	1715335158570	1715335158843	OK	 
REQUEST		Delete Contact	1715335158844	1715335159124	OK	 
USER	Delete Contacts	END	1715335159125
