RUN	Heroukapp	heroukapp	1715335091258	 	3.6.1
USER	Login	START	1715335092680
USER	Delete Contacts	START	1715335092680
REQUEST		Login	1715335092735	1715335093795	OK	 
REQUEST		Get Contacts for delete	1715335092735	1715335094007	OK	 
ERROR	Delete Contact: Failed to build request: No attribute named 'JWTToken' is defined 	1715335094089
ERROR	Delete Contact: Failed to build request: No attribute named 'JWTToken' is defined 	1715335094090
ERROR	Delete Contact: Failed to build request: No attribute named 'JWTToken' is defined 	1715335094091
ERROR	Delete Contact: Failed to build request: No attribute named 'JWTToken' is defined 	1715335094091
ERROR	Delete Contact: Failed to build request: No attribute named 'JWTToken' is defined 	1715335094091
ERROR	Delete Contact: Failed to build request: No attribute named 'JWTToken' is defined 	1715335094092
ERROR	Delete Contact: Failed to build request: No attribute named 'JWTToken' is defined 	1715335094092
ERROR	Delete Contact: Failed to build request: No attribute named 'JWTToken' is defined 	1715335094092
ERROR	Delete Contact: Failed to build request: No attribute named 'JWTToken' is defined 	1715335094093
ERROR	Delete Contact: Failed to build request: No attribute named 'JWTToken' is defined 	1715335094093
ERROR	Delete Contact: Failed to build request: No attribute named 'JWTToken' is defined 	1715335094093
ERROR	Delete Contact: Failed to build request: No attribute named 'JWTToken' is defined 	1715335094094
ERROR	Delete Contact: Failed to build request: No attribute named 'JWTToken' is defined 	1715335094094
ERROR	Delete Contact: Failed to build request: No attribute named 'JWTToken' is defined 	1715335094095
ERROR	Delete Contact: Failed to build request: No attribute named 'JWTToken' is defined 	1715335094096
ERROR	Delete Contact: Failed to build request: No attribute named 'JWTToken' is defined 	1715335094096
ERROR	Delete Contact: Failed to build request: No attribute named 'JWTToken' is defined 	1715335094097
ERROR	Delete Contact: Failed to build request: No attribute named 'JWTToken' is defined 	1715335094097
ERROR	Delete Contact: Failed to build request: No attribute named 'JWTToken' is defined 	1715335094097
ERROR	Delete Contact: Failed to build request: No attribute named 'JWTToken' is defined 	1715335094098
ERROR	Delete Contact: Failed to build request: No attribute named 'JWTToken' is defined 	1715335094098
ERROR	Delete Contact: Failed to build request: No attribute named 'JWTToken' is defined 	1715335094099
ERROR	Delete Contact: Failed to build request: No attribute named 'JWTToken' is defined 	1715335094099
ERROR	Delete Contact: Failed to build request: No attribute named 'JWTToken' is defined 	1715335094100
ERROR	Delete Contact: Failed to build request: No attribute named 'JWTToken' is defined 	1715335094101
ERROR	Delete Contact: Failed to build request: No attribute named 'JWTToken' is defined 	1715335094101
ERROR	Delete Contact: Failed to build request: No attribute named 'JWTToken' is defined 	1715335094101
ERROR	Delete Contact: Failed to build request: No attribute named 'JWTToken' is defined 	1715335094102
ERROR	Delete Contact: Failed to build request: No attribute named 'JWTToken' is defined 	1715335094102
ERROR	Delete Contact: Failed to build request: No attribute named 'JWTToken' is defined 	1715335094102
ERROR	Delete Contact: Failed to build request: No attribute named 'JWTToken' is defined 	1715335094103
ERROR	Delete Contact: Failed to build request: No attribute named 'JWTToken' is defined 	1715335094103
ERROR	Delete Contact: Failed to build request: No attribute named 'JWTToken' is defined 	1715335094103
ERROR	Delete Contact: Failed to build request: No attribute named 'JWTToken' is defined 	1715335094104
ERROR	Delete Contact: Failed to build request: No attribute named 'JWTToken' is defined 	1715335094104
ERROR	Delete Contact: Failed to build request: No attribute named 'JWTToken' is defined 	1715335094105
ERROR	Delete Contact: Failed to build request: No attribute named 'JWTToken' is defined 	1715335094105
ERROR	Delete Contact: Failed to build request: No attribute named 'JWTToken' is defined 	1715335094106
ERROR	Delete Contact: Failed to build request: No attribute named 'JWTToken' is defined 	1715335094107
ERROR	Delete Contact: Failed to build request: No attribute named 'JWTToken' is defined 	1715335094107
ERROR	Delete Contact: Failed to build request: No attribute named 'JWTToken' is defined 	1715335094108
ERROR	Delete Contact: Failed to build request: No attribute named 'JWTToken' is defined 	1715335094108
ERROR	Delete Contact: Failed to build request: No attribute named 'JWTToken' is defined 	1715335094109
ERROR	Delete Contact: Failed to build request: No attribute named 'JWTToken' is defined 	1715335094110
ERROR	Delete Contact: Failed to build request: No attribute named 'JWTToken' is defined 	1715335094110
ERROR	Delete Contact: Failed to build request: No attribute named 'JWTToken' is defined 	1715335094111
ERROR	Delete Contact: Failed to build request: No attribute named 'JWTToken' is defined 	1715335094111
ERROR	Delete Contact: Failed to build request: No attribute named 'JWTToken' is defined 	1715335094112
ERROR	Delete Contact: Failed to build request: No attribute named 'JWTToken' is defined 	1715335094112
ERROR	Delete Contact: Failed to build request: No attribute named 'JWTToken' is defined 	1715335094112
ERROR	Delete Contact: Failed to build request: No attribute named 'JWTToken' is defined 	1715335094113
ERROR	Delete Contact: Failed to build request: No attribute named 'JWTToken' is defined 	1715335094113
ERROR	Delete Contact: Failed to build request: No attribute named 'JWTToken' is defined 	1715335094114
ERROR	Delete Contact: Failed to build request: No attribute named 'JWTToken' is defined 	1715335094114
ERROR	Delete Contact: Failed to build request: No attribute named 'JWTToken' is defined 	1715335094115
ERROR	Delete Contact: Failed to build request: No attribute named 'JWTToken' is defined 	1715335094116
ERROR	Delete Contact: Failed to build request: No attribute named 'JWTToken' is defined 	1715335094116
ERROR	Delete Contact: Failed to build request: No attribute named 'JWTToken' is defined 	1715335094117
ERROR	Delete Contact: Failed to build request: No attribute named 'JWTToken' is defined 	1715335094117
ERROR	Delete Contact: Failed to build request: No attribute named 'JWTToken' is defined 	1715335094118
ERROR	Delete Contact: Failed to build request: No attribute named 'JWTToken' is defined 	1715335094118
ERROR	Delete Contact: Failed to build request: No attribute named 'JWTToken' is defined 	1715335094119
ERROR	Delete Contact: Failed to build request: No attribute named 'JWTToken' is defined 	1715335094119
ERROR	Delete Contact: Failed to build request: No attribute named 'JWTToken' is defined 	1715335094120
ERROR	Delete Contact: Failed to build request: No attribute named 'JWTToken' is defined 	1715335094120
ERROR	Delete Contact: Failed to build request: No attribute named 'JWTToken' is defined 	1715335094120
ERROR	Delete Contact: Failed to build request: No attribute named 'JWTToken' is defined 	1715335094121
ERROR	Delete Contact: Failed to build request: No attribute named 'JWTToken' is defined 	1715335094121
ERROR	Delete Contact: Failed to build request: No attribute named 'JWTToken' is defined 	1715335094122
ERROR	Delete Contact: Failed to build request: No attribute named 'JWTToken' is defined 	1715335094122
ERROR	Delete Contact: Failed to build request: No attribute named 'JWTToken' is defined 	1715335094123
ERROR	Delete Contact: Failed to build request: No attribute named 'JWTToken' is defined 	1715335094123
ERROR	Delete Contact: Failed to build request: No attribute named 'JWTToken' is defined 	1715335094124
ERROR	Delete Contact: Failed to build request: No attribute named 'JWTToken' is defined 	1715335094124
ERROR	Delete Contact: Failed to build request: No attribute named 'JWTToken' is defined 	1715335094125
ERROR	Delete Contact: Failed to build request: No attribute named 'JWTToken' is defined 	1715335094125
ERROR	Delete Contact: Failed to build request: No attribute named 'JWTToken' is defined 	1715335094126
ERROR	Delete Contact: Failed to build request: No attribute named 'JWTToken' is defined 	1715335094126
ERROR	Delete Contact: Failed to build request: No attribute named 'JWTToken' is defined 	1715335094127
ERROR	Delete Contact: Failed to build request: No attribute named 'JWTToken' is defined 	1715335094127
ERROR	Delete Contact: Failed to build request: No attribute named 'JWTToken' is defined 	1715335094128
ERROR	Delete Contact: Failed to build request: No attribute named 'JWTToken' is defined 	1715335094128
ERROR	Delete Contact: Failed to build request: No attribute named 'JWTToken' is defined 	1715335094128
ERROR	Delete Contact: Failed to build request: No attribute named 'JWTToken' is defined 	1715335094129
ERROR	Delete Contact: Failed to build request: No attribute named 'JWTToken' is defined 	1715335094129
ERROR	Delete Contact: Failed to build request: No attribute named 'JWTToken' is defined 	1715335094129
ERROR	Delete Contact: Failed to build request: No attribute named 'JWTToken' is defined 	1715335094130
ERROR	Delete Contact: Failed to build request: No attribute named 'JWTToken' is defined 	1715335094130
ERROR	Delete Contact: Failed to build request: No attribute named 'JWTToken' is defined 	1715335094130
ERROR	Delete Contact: Failed to build request: No attribute named 'JWTToken' is defined 	1715335094131
ERROR	Delete Contact: Failed to build request: No attribute named 'JWTToken' is defined 	1715335094132
ERROR	Delete Contact: Failed to build request: No attribute named 'JWTToken' is defined 	1715335094132
ERROR	Delete Contact: Failed to build request: No attribute named 'JWTToken' is defined 	1715335094133
ERROR	Delete Contact: Failed to build request: No attribute named 'JWTToken' is defined 	1715335094133
ERROR	Delete Contact: Failed to build request: No attribute named 'JWTToken' is defined 	1715335094134
ERROR	Delete Contact: Failed to build request: No attribute named 'JWTToken' is defined 	1715335094134
ERROR	Delete Contact: Failed to build request: No attribute named 'JWTToken' is defined 	1715335094134
ERROR	Delete Contact: Failed to build request: No attribute named 'JWTToken' is defined 	1715335094135
ERROR	Delete Contact: Failed to build request: No attribute named 'JWTToken' is defined 	1715335094135
ERROR	Delete Contact: Failed to build request: No attribute named 'JWTToken' is defined 	1715335094136
ERROR	Delete Contact: Failed to build request: No attribute named 'JWTToken' is defined 	1715335094136
ERROR	Delete Contact: Failed to build request: No attribute named 'JWTToken' is defined 	1715335094137
ERROR	Delete Contact: Failed to build request: No attribute named 'JWTToken' is defined 	1715335094137
ERROR	Delete Contact: Failed to build request: No attribute named 'JWTToken' is defined 	1715335094137
USER	Delete Contacts	END	1715335094141
USER	Login	END	1715335095847
