RUN	Heroukapp	heroukapp	1715335544730	 	3.6.1
USER	Login	START	1715335546140
USER	Create Contact	START	1715335546140
REQUEST		Create Contact	1715335546190	1715335547223	OK	 
REQUEST		Login	1715335546190	1715335547229	OK	 
USER	Login	END	1715335549290
REQUEST		Create Contact	1715335549289	1715335549555	OK	 
REQUEST		Create Contact	1715335551573	1715335551834	OK	 
REQUEST		Create Contact	1715335553852	1715335554114	OK	 
REQUEST		Create Contact	1715335556125	1715335556396	OK	 
REQUEST		Create Contact	1715335558409	1715335558673	OK	 
REQUEST		Create Contact	1715335560681	1715335560944	OK	 
REQUEST		Create Contact	1715335563137	1715335563403	OK	 
REQUEST		Create Contact	1715335565407	1715335565678	OK	 
REQUEST		Create Contact	1715335567683	1715335567945	OK	 
REQUEST		Create Contact	1715335569960	1715335570229	OK	 
REQUEST		Create Contact	1715335572234	1715335572499	OK	 
REQUEST		Create Contact	1715335574504	1715335574766	OK	 
REQUEST		Create Contact	1715335576780	1715335577041	OK	 
REQUEST		Create Contact	1715335579053	1715335579356	OK	 
REQUEST		Create Contact	1715335581363	1715335581622	OK	 
REQUEST		Create Contact	1715335583640	1715335583903	OK	 
REQUEST		Create Contact	1715335585918	1715335586179	OK	 
REQUEST		Create Contact	1715335588194	1715335588458	OK	 
REQUEST		Create Contact	1715335590471	1715335590730	OK	 
REQUEST		Create Contact	1715335592744	1715335593014	OK	 
REQUEST		Create Contact	1715335595019	1715335595283	OK	 
REQUEST		Create Contact	1715335597299	1715335597558	OK	 
REQUEST		Create Contact	1715335599575	1715335599837	OK	 
REQUEST		Create Contact	1715335601851	1715335602112	OK	 
REQUEST		Create Contact	1715335604125	1715335604384	OK	 
REQUEST		Create Contact	1715335606401	1715335606667	OK	 
REQUEST		Create Contact	1715335608678	1715335608938	OK	 
REQUEST		Create Contact	1715335610956	1715335611242	OK	 
REQUEST		Create Contact	1715335613247	1715335613510	OK	 
REQUEST		Create Contact	1715335615525	1715335615786	OK	 
REQUEST		Create Contact	1715335617801	1715335618063	OK	 
REQUEST		Create Contact	1715335620076	1715335620343	OK	 
REQUEST		Create Contact	1715335622349	1715335622610	OK	 
REQUEST		Create Contact	1715335624625	1715335624893	OK	 
REQUEST		Create Contact	1715335626903	1715335627164	OK	 
REQUEST		Create Contact	1715335629170	1715335629433	OK	 
REQUEST		Create Contact	1715335631447	1715335631707	OK	 
REQUEST		Create Contact	1715335633723	1715335633994	OK	 
REQUEST		Create Contact	1715335636001	1715335636262	OK	 
REQUEST		Create Contact	1715335638277	1715335638539	OK	 
REQUEST		Create Contact	1715335640554	1715335640817	OK	 
REQUEST		Create Contact	1715335642828	1715335643092	OK	 
REQUEST		Create Contact	1715335645105	1715335645374	OK	 
REQUEST		Create Contact	1715335647382	1715335647643	OK	 
REQUEST		Create Contact	1715335649660	1715335649921	OK	 
REQUEST		Create Contact	1715335651937	1715335652222	OK	 
REQUEST		Create Contact	1715335654231	1715335654492	OK	 
REQUEST		Create Contact	1715335656506	1715335656769	OK	 
REQUEST		Create Contact	1715335658784	1715335659120	OK	 
REQUEST		Create Contact	1715335661135	1715335661394	OK	 
REQUEST		Create Contact	1715335663399	1715335663659	OK	 
REQUEST		Create Contact	1715335665673	1715335665935	OK	 
REQUEST		Create Contact	1715335667950	1715335668210	OK	 
REQUEST		Create Contact	1715335670227	1715335670487	OK	 
REQUEST		Create Contact	1715335672503	1715335672763	OK	 
REQUEST		Create Contact	1715335674779	1715335675060	OK	 
REQUEST		Create Contact	1715335677073	1715335677346	OK	 
REQUEST		Create Contact	1715335679350	1715335679615	OK	 
REQUEST		Create Contact	1715335681625	1715335681885	OK	 
REQUEST		Create Contact	1715335683890	1715335684152	OK	 
REQUEST		Create Contact	1715335686166	1715335686427	OK	 
REQUEST		Create Contact	1715335688446	1715335688710	OK	 
REQUEST		Create Contact	1715335690720	1715335690982	OK	 
REQUEST		Create Contact	1715335692993	1715335693254	OK	 
REQUEST		Create Contact	1715335695269	1715335695534	OK	 
REQUEST		Create Contact	1715335697547	1715335697812	OK	 
REQUEST		Create Contact	1715335699821	1715335700085	OK	 
REQUEST		Create Contact	1715335702102	1715335702365	OK	 
REQUEST		Create Contact	1715335704376	1715335704633	OK	 
REQUEST		Create Contact	1715335706639	1715335706915	OK	 
REQUEST		Create Contact	1715335708929	1715335709187	OK	 
REQUEST		Create Contact	1715335711205	1715335711469	OK	 
REQUEST		Create Contact	1715335713483	1715335713745	OK	 
REQUEST		Create Contact	1715335715757	1715335716022	OK	 
REQUEST		Create Contact	1715335718035	1715335718299	OK	 
REQUEST		Create Contact	1715335720311	1715335720572	OK	 
REQUEST		Create Contact	1715335722588	1715335722901	OK	 
REQUEST		Create Contact	1715335724913	1715335725276	OK	 
REQUEST		Create Contact	1715335727283	1715335727541	OK	 
REQUEST		Create Contact	1715335729558	1715335729813	OK	 
REQUEST		Create Contact	1715335731823	1715335732088	OK	 
REQUEST		Create Contact	1715335734101	1715335734364	OK	 
REQUEST		Create Contact	1715335736377	1715335736638	OK	 
REQUEST		Create Contact	1715335738653	1715335738912	OK	 
REQUEST		Create Contact	1715335740931	1715335741191	OK	 
REQUEST		Create Contact	1715335743206	1715335743469	OK	 
REQUEST		Create Contact	1715335745483	1715335745745	OK	 
REQUEST		Create Contact	1715335747760	1715335748019	OK	 
REQUEST		Create Contact	1715335750038	1715335750298	OK	 
REQUEST		Create Contact	1715335752314	1715335752574	OK	 
REQUEST		Create Contact	1715335754589	1715335754861	OK	 
REQUEST		Create Contact	1715335756866	1715335757129	OK	 
REQUEST		Create Contact	1715335759142	1715335759402	OK	 
REQUEST		Create Contact	1715335761420	1715335761678	OK	 
REQUEST		Create Contact	1715335763684	1715335763954	OK	 
REQUEST		Create Contact	1715335765959	1715335766219	OK	 
REQUEST		Create Contact	1715335768235	1715335768511	OK	 
REQUEST		Create Contact	1715335770527	1715335770792	OK	 
REQUEST		Create Contact	1715335772803	1715335773066	OK	 
USER	Create Contact	END	1715335775080
